#-----------------------------------------------------------
# Vivado v2017.4 (64-bit)
# SW Build 2086221 on Fri Dec 15 20:55:39 MST 2017
# IP Build 2085800 on Fri Dec 15 22:25:07 MST 2017
# Start of session at: Tue Apr 16 19:19:10 2019
# Process ID: 19268
# Current directory: C:/Users/Ryan/Desktop/Spring 2019/ECE351/FinalProject/ECE-351-Group-1/TempSensor
# Command line: vivado.exe -gui_launcher_event rodinguilauncherevent14756 C:\Users\Ryan\Desktop\Spring 2019\ECE351\FinalProject\ECE-351-Group-1\TempSensor\TempSensor.xpr
# Log file: C:/Users/Ryan/Desktop/Spring 2019/ECE351/FinalProject/ECE-351-Group-1/TempSensor/vivado.log
# Journal file: C:/Users/Ryan/Desktop/Spring 2019/ECE351/FinalProject/ECE-351-Group-1/TempSensor\vivado.jou
#-----------------------------------------------------------
start_gui
open_project {C:/Users/Ryan/Desktop/Spring 2019/ECE351/FinalProject/ECE-351-Group-1/TempSensor/TempSensor.xpr}
INFO: [Project 1-313] Project file moved from 'C:/Users/MS USER/Desktop/Vivado/Lab1/TempSensor' since last save.
Scanning sources...
Finished scanning sources
INFO: [IP_Flow 19-234] Refreshing IP repositories
INFO: [IP_Flow 19-1704] No user IP repositories specified
INFO: [IP_Flow 19-2313] Loaded Vivado IP repository 'C:/Xilinx/Vivado/2017.4/data/ip'.
open_project: Time (s): cpu = 00:00:22 ; elapsed = 00:00:18 . Memory (MB): peak = 735.102 ; gain = 45.844
update_compile_order -fileset sources_1
exit
INFO: [Common 17-206] Exiting Vivado at Tue Apr 16 19:21:26 2019...
