13:49:54 INFO  : Registering command handlers for SDK TCF services
13:49:55 INFO  : Launching XSCT server: xsct.bat -interactive C:\Users\Ryan\.Xilinx\SDK\2017.4\Workspace3\temp_xsdb_launch_script.tcl
13:49:58 INFO  : XSCT server has started successfully.
13:49:59 INFO  : Successfully done setting XSCT server connection channel  
13:49:59 INFO  : Successfully done setting SDK workspace  
13:50:27 INFO  : Project 'design_2_wrapper_hw_platform_0' created. You can now create BSPs and application projects targeting this hardware platform.
13:58:24 INFO  : Connected to target on host '127.0.0.1' and port '3121'.
13:58:24 INFO  : 'targets -set -filter {jtag_cable_name =~ "Digilent Basys3 210183698774A" && level==0} -index 0' command is executed.
13:58:25 INFO  : FPGA configured successfully with bitstream "C:/Users/Ryan/.Xilinx/SDK/2017.4/Workspace3/design_2_wrapper_hw_platform_0/download.bit"
13:58:55 INFO  : 'targets -set -filter {jtag_cable_name =~ "Digilent Basys3 210183698774A" && level==0} -index 0' command is executed.
13:58:55 INFO  : 'fpga -state' command is executed.
13:58:55 INFO  : Connected to target on host '127.0.0.1' and port '3121'.
13:58:55 INFO  : Jtag cable 'Digilent Basys3 210183698774A' is selected.
13:58:55 INFO  : 'jtag frequency' command is executed.
13:58:55 INFO  : Context for processor 'microblaze_0' is selected.
13:58:55 INFO  : Processor reset is completed for 'microblaze_0'.
13:58:55 INFO  : Context for processor 'microblaze_0' is selected.
13:58:56 INFO  : The application 'C:/Users/Ryan/.Xilinx/SDK/2017.4/Workspace3/myHYGRO3/Debug/myHYGRO3.elf' is downloaded to processor 'microblaze_0'.
13:58:56 INFO  : ----------------XSDB Script----------------
connect -url tcp:127.0.0.1:3121
targets -set -nocase -filter {name =~ "microblaze*#0" && bscan=="USER2"  && jtag_cable_name =~ "Digilent Basys3 210183698774A"} -index 0
rst -processor
targets -set -nocase -filter {name =~ "microblaze*#0" && bscan=="USER2"  && jtag_cable_name =~ "Digilent Basys3 210183698774A"} -index 0
dow C:/Users/Ryan/.Xilinx/SDK/2017.4/Workspace3/myHYGRO3/Debug/myHYGRO3.elf
----------------End of Script----------------

13:58:56 INFO  : Memory regions updated for context MicroBlaze #0
13:58:56 INFO  : Memory regions updated for context MicroBlaze Debug Module at USER2
13:58:56 INFO  : Context for processor 'microblaze_0' is selected.
13:58:56 INFO  : 'con' command is executed.
13:58:56 INFO  : ----------------XSDB Script (After Launch)----------------
targets -set -nocase -filter {name =~ "microblaze*#0" && bscan=="USER2"  && jtag_cable_name =~ "Digilent Basys3 210183698774A"} -index 0
con
----------------End of Script----------------

13:58:56 INFO  : Launch script is exported to file 'C:\Users\Ryan\.Xilinx\SDK\2017.4\Workspace3\.sdk\launch_scripts\xilinx_c-c++_application_(system_debugger)\system_debugger_using_debug_myhygro3.elf_on_local.tcl'
