#-----------------------------------------------------------
# Vivado v2017.4 (64-bit)
# SW Build 2086221 on Fri Dec 15 20:55:39 MST 2017
# IP Build 2085800 on Fri Dec 15 22:25:07 MST 2017
# Start of session at: Thu Apr 25 19:58:03 2019
# Process ID: 30964
# Current directory: C:/Users/Tfry/ECE-351-Group-1/FinalProejctPWM
# Command line: vivado.exe -gui_launcher_event rodinguilauncherevent17004 C:\Users\Tfry\ECE-351-Group-1\FinalProejctPWM\FinalProejctPWM.xpr
# Log file: C:/Users/Tfry/ECE-351-Group-1/FinalProejctPWM/vivado.log
# Journal file: C:/Users/Tfry/ECE-351-Group-1/FinalProejctPWM\vivado.jou
#-----------------------------------------------------------
start_gui
open_project C:/Users/Tfry/ECE-351-Group-1/FinalProejctPWM/FinalProejctPWM.xpr
INFO: [Project 1-313] Project file moved from 'C:/Users/MS USER/Desktop/Vivado/Lab1/FinalProejctPWM' since last save.
Scanning sources...
Finished scanning sources
INFO: [IP_Flow 19-234] Refreshing IP repositories
INFO: [IP_Flow 19-1704] No user IP repositories specified
INFO: [IP_Flow 19-2313] Loaded Vivado IP repository 'C:/Xilinx/Vivado/2017.4/data/ip'.
update_compile_order -fileset sources_1
exit
INFO: [Common 17-206] Exiting Vivado at Thu Apr 25 20:01:11 2019...
